<?xml version="1.0" encoding="UTF-8"?>
<testsuite xmlns:xsi="http://www.w3.org/2001/XMLSchema-instance" xsi:noNamespaceSchemaLocation="https://maven.apache.org/surefire/maven-surefire-plugin/xsd/surefire-test-report-3.0.xsd" version="3.0" name="com.ice.icemusic.IceMusicApplicationTests" time="2.649" tests="1" errors="0" skipped="0" failures="0">
  <properties>
    <property name="java.specification.version" value="18"/>
    <property name="sun.jnu.encoding" value="UTF-8"/>
    <property name="java.class.path" value="/Users/mac/Desktop/workspace/payoneer/ICE Music/target/test-classes:/Users/mac/Desktop/workspace/payoneer/ICE Music/target/classes:/Users/mac/.m2/repository/org/springframework/boot/spring-boot-starter-web/3.1.3/spring-boot-starter-web-3.1.3.jar:/Users/mac/.m2/repository/org/springframework/boot/spring-boot-starter/3.1.3/spring-boot-starter-3.1.3.jar:/Users/mac/.m2/repository/org/springframework/boot/spring-boot/3.1.3/spring-boot-3.1.3.jar:/Users/mac/.m2/repository/org/springframework/boot/spring-boot-autoconfigure/3.1.3/spring-boot-autoconfigure-3.1.3.jar:/Users/mac/.m2/repository/org/springframework/boot/spring-boot-starter-logging/3.1.3/spring-boot-starter-logging-3.1.3.jar:/Users/mac/.m2/repository/ch/qos/logback/logback-classic/1.4.11/logback-classic-1.4.11.jar:/Users/mac/.m2/repository/ch/qos/logback/logback-core/1.4.11/logback-core-1.4.11.jar:/Users/mac/.m2/repository/org/apache/logging/log4j/log4j-to-slf4j/2.20.0/log4j-to-slf4j-2.20.0.jar:/Users/mac/.m2/repository/org/apache/logging/log4j/log4j-api/2.20.0/log4j-api-2.20.0.jar:/Users/mac/.m2/repository/org/slf4j/jul-to-slf4j/2.0.7/jul-to-slf4j-2.0.7.jar:/Users/mac/.m2/repository/jakarta/annotation/jakarta.annotation-api/2.1.1/jakarta.annotation-api-2.1.1.jar:/Users/mac/.m2/repository/org/yaml/snakeyaml/1.33/snakeyaml-1.33.jar:/Users/mac/.m2/repository/org/springframework/boot/spring-boot-starter-json/3.1.3/spring-boot-starter-json-3.1.3.jar:/Users/mac/.m2/repository/com/fasterxml/jackson/core/jackson-databind/2.15.2/jackson-databind-2.15.2.jar:/Users/mac/.m2/repository/com/fasterxml/jackson/core/jackson-annotations/2.15.2/jackson-annotations-2.15.2.jar:/Users/mac/.m2/repository/com/fasterxml/jackson/core/jackson-core/2.15.2/jackson-core-2.15.2.jar:/Users/mac/.m2/repository/com/fasterxml/jackson/datatype/jackson-datatype-jdk8/2.15.2/jackson-datatype-jdk8-2.15.2.jar:/Users/mac/.m2/repository/com/fasterxml/jackson/datatype/jackson-datatype-jsr310/2.15.2/jackson-datatype-jsr310-2.15.2.jar:/Users/mac/.m2/repository/com/fasterxml/jackson/module/jackson-module-parameter-names/2.15.2/jackson-module-parameter-names-2.15.2.jar:/Users/mac/.m2/repository/org/springframework/boot/spring-boot-starter-tomcat/3.1.3/spring-boot-starter-tomcat-3.1.3.jar:/Users/mac/.m2/repository/org/apache/tomcat/embed/tomcat-embed-core/10.1.12/tomcat-embed-core-10.1.12.jar:/Users/mac/.m2/repository/org/apache/tomcat/embed/tomcat-embed-websocket/10.1.12/tomcat-embed-websocket-10.1.12.jar:/Users/mac/.m2/repository/org/springframework/spring-web/6.0.11/spring-web-6.0.11.jar:/Users/mac/.m2/repository/org/springframework/spring-beans/6.0.11/spring-beans-6.0.11.jar:/Users/mac/.m2/repository/io/micrometer/micrometer-observation/1.11.3/micrometer-observation-1.11.3.jar:/Users/mac/.m2/repository/io/micrometer/micrometer-commons/1.11.3/micrometer-commons-1.11.3.jar:/Users/mac/.m2/repository/org/springframework/spring-webmvc/6.0.11/spring-webmvc-6.0.11.jar:/Users/mac/.m2/repository/org/springframework/spring-aop/6.0.11/spring-aop-6.0.11.jar:/Users/mac/.m2/repository/org/springframework/spring-context/6.0.11/spring-context-6.0.11.jar:/Users/mac/.m2/repository/org/springframework/spring-expression/6.0.11/spring-expression-6.0.11.jar:/Users/mac/.m2/repository/org/springframework/boot/spring-boot-starter-validation/3.1.3/spring-boot-starter-validation-3.1.3.jar:/Users/mac/.m2/repository/org/apache/tomcat/embed/tomcat-embed-el/10.1.12/tomcat-embed-el-10.1.12.jar:/Users/mac/.m2/repository/org/hibernate/validator/hibernate-validator/8.0.1.Final/hibernate-validator-8.0.1.Final.jar:/Users/mac/.m2/repository/jakarta/validation/jakarta.validation-api/3.0.2/jakarta.validation-api-3.0.2.jar:/Users/mac/.m2/repository/org/jboss/logging/jboss-logging/3.5.3.Final/jboss-logging-3.5.3.Final.jar:/Users/mac/.m2/repository/com/fasterxml/classmate/1.5.1/classmate-1.5.1.jar:/Users/mac/.m2/repository/org/modelmapper/modelmapper/3.1.1/modelmapper-3.1.1.jar:/Users/mac/.m2/repository/org/springframework/boot/spring-boot-starter-data-jpa/3.1.3/spring-boot-starter-data-jpa-3.1.3.jar:/Users/mac/.m2/repository/org/springframework/boot/spring-boot-starter-aop/3.1.3/spring-boot-starter-aop-3.1.3.jar:/Users/mac/.m2/repository/org/aspectj/aspectjweaver/1.9.20/aspectjweaver-1.9.20.jar:/Users/mac/.m2/repository/org/springframework/boot/spring-boot-starter-jdbc/3.1.3/spring-boot-starter-jdbc-3.1.3.jar:/Users/mac/.m2/repository/com/zaxxer/HikariCP/5.0.1/HikariCP-5.0.1.jar:/Users/mac/.m2/repository/org/springframework/spring-jdbc/6.0.11/spring-jdbc-6.0.11.jar:/Users/mac/.m2/repository/org/hibernate/orm/hibernate-core/6.2.7.Final/hibernate-core-6.2.7.Final.jar:/Users/mac/.m2/repository/jakarta/persistence/jakarta.persistence-api/3.1.0/jakarta.persistence-api-3.1.0.jar:/Users/mac/.m2/repository/jakarta/transaction/jakarta.transaction-api/2.0.1/jakarta.transaction-api-2.0.1.jar:/Users/mac/.m2/repository/org/hibernate/common/hibernate-commons-annotations/6.0.6.Final/hibernate-commons-annotations-6.0.6.Final.jar:/Users/mac/.m2/repository/io/smallrye/jandex/3.0.5/jandex-3.0.5.jar:/Users/mac/.m2/repository/net/bytebuddy/byte-buddy/1.14.6/byte-buddy-1.14.6.jar:/Users/mac/.m2/repository/org/glassfish/jaxb/jaxb-runtime/4.0.3/jaxb-runtime-4.0.3.jar:/Users/mac/.m2/repository/org/glassfish/jaxb/jaxb-core/4.0.3/jaxb-core-4.0.3.jar:/Users/mac/.m2/repository/org/eclipse/angus/angus-activation/2.0.1/angus-activation-2.0.1.jar:/Users/mac/.m2/repository/org/glassfish/jaxb/txw2/4.0.3/txw2-4.0.3.jar:/Users/mac/.m2/repository/com/sun/istack/istack-commons-runtime/4.1.2/istack-commons-runtime-4.1.2.jar:/Users/mac/.m2/repository/jakarta/inject/jakarta.inject-api/2.0.1/jakarta.inject-api-2.0.1.jar:/Users/mac/.m2/repository/org/antlr/antlr4-runtime/4.10.1/antlr4-runtime-4.10.1.jar:/Users/mac/.m2/repository/org/springframework/data/spring-data-jpa/3.1.3/spring-data-jpa-3.1.3.jar:/Users/mac/.m2/repository/org/springframework/data/spring-data-commons/3.1.3/spring-data-commons-3.1.3.jar:/Users/mac/.m2/repository/org/springframework/spring-orm/6.0.11/spring-orm-6.0.11.jar:/Users/mac/.m2/repository/org/springframework/spring-tx/6.0.11/spring-tx-6.0.11.jar:/Users/mac/.m2/repository/org/slf4j/slf4j-api/2.0.7/slf4j-api-2.0.7.jar:/Users/mac/.m2/repository/org/springframework/spring-aspects/6.0.11/spring-aspects-6.0.11.jar:/Users/mac/.m2/repository/com/h2database/h2/2.1.214/h2-2.1.214.jar:/Users/mac/.m2/repository/org/postgresql/postgresql/42.6.0/postgresql-42.6.0.jar:/Users/mac/.m2/repository/org/checkerframework/checker-qual/3.31.0/checker-qual-3.31.0.jar:/Users/mac/.m2/repository/org/projectlombok/lombok/1.18.28/lombok-1.18.28.jar:/Users/mac/.m2/repository/org/springframework/boot/spring-boot-starter-test/3.1.3/spring-boot-starter-test-3.1.3.jar:/Users/mac/.m2/repository/org/springframework/boot/spring-boot-test/3.1.3/spring-boot-test-3.1.3.jar:/Users/mac/.m2/repository/org/springframework/boot/spring-boot-test-autoconfigure/3.1.3/spring-boot-test-autoconfigure-3.1.3.jar:/Users/mac/.m2/repository/com/jayway/jsonpath/json-path/2.8.0/json-path-2.8.0.jar:/Users/mac/.m2/repository/jakarta/xml/bind/jakarta.xml.bind-api/4.0.0/jakarta.xml.bind-api-4.0.0.jar:/Users/mac/.m2/repository/jakarta/activation/jakarta.activation-api/2.1.2/jakarta.activation-api-2.1.2.jar:/Users/mac/.m2/repository/net/minidev/json-smart/2.4.11/json-smart-2.4.11.jar:/Users/mac/.m2/repository/net/minidev/accessors-smart/2.4.11/accessors-smart-2.4.11.jar:/Users/mac/.m2/repository/org/ow2/asm/asm/9.3/asm-9.3.jar:/Users/mac/.m2/repository/org/assertj/assertj-core/3.24.2/assertj-core-3.24.2.jar:/Users/mac/.m2/repository/org/hamcrest/hamcrest/2.2/hamcrest-2.2.jar:/Users/mac/.m2/repository/org/junit/jupiter/junit-jupiter/5.9.3/junit-jupiter-5.9.3.jar:/Users/mac/.m2/repository/org/junit/jupiter/junit-jupiter-api/5.9.3/junit-jupiter-api-5.9.3.jar:/Users/mac/.m2/repository/org/opentest4j/opentest4j/1.2.0/opentest4j-1.2.0.jar:/Users/mac/.m2/repository/org/junit/platform/junit-platform-commons/1.9.3/junit-platform-commons-1.9.3.jar:/Users/mac/.m2/repository/org/apiguardian/apiguardian-api/1.1.2/apiguardian-api-1.1.2.jar:/Users/mac/.m2/repository/org/junit/jupiter/junit-jupiter-params/5.9.3/junit-jupiter-params-5.9.3.jar:/Users/mac/.m2/repository/org/junit/jupiter/junit-jupiter-engine/5.9.3/junit-jupiter-engine-5.9.3.jar:/Users/mac/.m2/repository/org/junit/platform/junit-platform-engine/1.9.3/junit-platform-engine-1.9.3.jar:/Users/mac/.m2/repository/org/mockito/mockito-core/5.3.1/mockito-core-5.3.1.jar:/Users/mac/.m2/repository/net/bytebuddy/byte-buddy-agent/1.14.6/byte-buddy-agent-1.14.6.jar:/Users/mac/.m2/repository/org/objenesis/objenesis/3.3/objenesis-3.3.jar:/Users/mac/.m2/repository/org/mockito/mockito-junit-jupiter/5.3.1/mockito-junit-jupiter-5.3.1.jar:/Users/mac/.m2/repository/org/skyscreamer/jsonassert/1.5.1/jsonassert-1.5.1.jar:/Users/mac/.m2/repository/com/vaadin/external/google/android-json/0.0.20131108.vaadin1/android-json-0.0.20131108.vaadin1.jar:/Users/mac/.m2/repository/org/springframework/spring-core/6.0.11/spring-core-6.0.11.jar:/Users/mac/.m2/repository/org/springframework/spring-jcl/6.0.11/spring-jcl-6.0.11.jar:/Users/mac/.m2/repository/org/springframework/spring-test/6.0.11/spring-test-6.0.11.jar:/Users/mac/.m2/repository/org/xmlunit/xmlunit-core/2.9.1/xmlunit-core-2.9.1.jar:/Users/mac/.m2/repository/org/springdoc/springdoc-openapi-starter-webmvc-ui/2.0.3/springdoc-openapi-starter-webmvc-ui-2.0.3.jar:/Users/mac/.m2/repository/org/springdoc/springdoc-openapi-starter-webmvc-api/2.0.3/springdoc-openapi-starter-webmvc-api-2.0.3.jar:/Users/mac/.m2/repository/org/springdoc/springdoc-openapi-starter-common/2.0.3/springdoc-openapi-starter-common-2.0.3.jar:/Users/mac/.m2/repository/io/swagger/core/v3/swagger-core-jakarta/2.2.8/swagger-core-jakarta-2.2.8.jar:/Users/mac/.m2/repository/org/apache/commons/commons-lang3/3.12.0/commons-lang3-3.12.0.jar:/Users/mac/.m2/repository/io/swagger/core/v3/swagger-annotations-jakarta/2.2.8/swagger-annotations-jakarta-2.2.8.jar:/Users/mac/.m2/repository/io/swagger/core/v3/swagger-models-jakarta/2.2.8/swagger-models-jakarta-2.2.8.jar:/Users/mac/.m2/repository/com/fasterxml/jackson/dataformat/jackson-dataformat-yaml/2.15.2/jackson-dataformat-yaml-2.15.2.jar:/Users/mac/.m2/repository/org/webjars/swagger-ui/4.17.1/swagger-ui-4.17.1.jar:/Users/mac/.m2/repository/org/webjars/webjars-locator-core/0.52/webjars-locator-core-0.52.jar:/Users/mac/.m2/repository/io/github/classgraph/classgraph/4.8.149/classgraph-4.8.149.jar:"/>
    <property name="java.vm.vendor" value="Homebrew"/>
    <property name="sun.arch.data.model" value="64"/>
    <property name="java.vendor.url" value="https://github.com/Homebrew/homebrew-core/issues"/>
    <property name="user.timezone" value="Africa/Lagos"/>
    <property name="org.jboss.logging.provider" value="slf4j"/>
    <property name="os.name" value="Mac OS X"/>
    <property name="java.vm.specification.version" value="18"/>
    <property name="sun.java.launcher" value="SUN_STANDARD"/>
    <property name="user.country" value="US"/>
    <property name="sun.boot.library.path" value="/opt/homebrew/Cellar/openjdk/18.0.1/libexec/openjdk.jdk/Contents/Home/lib"/>
    <property name="sun.java.command" value="/Users/mac/Desktop/workspace/payoneer/ICE Music/target/surefire/surefirebooter-20230904011226420_3.jar /Users/mac/Desktop/workspace/payoneer/ICE Music/target/surefire 2023-09-04T01-12-26_374-jvmRun1 surefire-20230904011226420_1tmp surefire_0-20230904011226420_2tmp"/>
    <property name="http.nonProxyHosts" value="local|*.local|169.254/16|*.169.254/16"/>
    <property name="jdk.debug" value="release"/>
    <property name="surefire.test.class.path" value="/Users/mac/Desktop/workspace/payoneer/ICE Music/target/test-classes:/Users/mac/Desktop/workspace/payoneer/ICE Music/target/classes:/Users/mac/.m2/repository/org/springframework/boot/spring-boot-starter-web/3.1.3/spring-boot-starter-web-3.1.3.jar:/Users/mac/.m2/repository/org/springframework/boot/spring-boot-starter/3.1.3/spring-boot-starter-3.1.3.jar:/Users/mac/.m2/repository/org/springframework/boot/spring-boot/3.1.3/spring-boot-3.1.3.jar:/Users/mac/.m2/repository/org/springframework/boot/spring-boot-autoconfigure/3.1.3/spring-boot-autoconfigure-3.1.3.jar:/Users/mac/.m2/repository/org/springframework/boot/spring-boot-starter-logging/3.1.3/spring-boot-starter-logging-3.1.3.jar:/Users/mac/.m2/repository/ch/qos/logback/logback-classic/1.4.11/logback-classic-1.4.11.jar:/Users/mac/.m2/repository/ch/qos/logback/logback-core/1.4.11/logback-core-1.4.11.jar:/Users/mac/.m2/repository/org/apache/logging/log4j/log4j-to-slf4j/2.20.0/log4j-to-slf4j-2.20.0.jar:/Users/mac/.m2/repository/org/apache/logging/log4j/log4j-api/2.20.0/log4j-api-2.20.0.jar:/Users/mac/.m2/repository/org/slf4j/jul-to-slf4j/2.0.7/jul-to-slf4j-2.0.7.jar:/Users/mac/.m2/repository/jakarta/annotation/jakarta.annotation-api/2.1.1/jakarta.annotation-api-2.1.1.jar:/Users/mac/.m2/repository/org/yaml/snakeyaml/1.33/snakeyaml-1.33.jar:/Users/mac/.m2/repository/org/springframework/boot/spring-boot-starter-json/3.1.3/spring-boot-starter-json-3.1.3.jar:/Users/mac/.m2/repository/com/fasterxml/jackson/core/jackson-databind/2.15.2/jackson-databind-2.15.2.jar:/Users/mac/.m2/repository/com/fasterxml/jackson/core/jackson-annotations/2.15.2/jackson-annotations-2.15.2.jar:/Users/mac/.m2/repository/com/fasterxml/jackson/core/jackson-core/2.15.2/jackson-core-2.15.2.jar:/Users/mac/.m2/repository/com/fasterxml/jackson/datatype/jackson-datatype-jdk8/2.15.2/jackson-datatype-jdk8-2.15.2.jar:/Users/mac/.m2/repository/com/fasterxml/jackson/datatype/jackson-datatype-jsr310/2.15.2/jackson-datatype-jsr310-2.15.2.jar:/Users/mac/.m2/repository/com/fasterxml/jackson/module/jackson-module-parameter-names/2.15.2/jackson-module-parameter-names-2.15.2.jar:/Users/mac/.m2/repository/org/springframework/boot/spring-boot-starter-tomcat/3.1.3/spring-boot-starter-tomcat-3.1.3.jar:/Users/mac/.m2/repository/org/apache/tomcat/embed/tomcat-embed-core/10.1.12/tomcat-embed-core-10.1.12.jar:/Users/mac/.m2/repository/org/apache/tomcat/embed/tomcat-embed-websocket/10.1.12/tomcat-embed-websocket-10.1.12.jar:/Users/mac/.m2/repository/org/springframework/spring-web/6.0.11/spring-web-6.0.11.jar:/Users/mac/.m2/repository/org/springframework/spring-beans/6.0.11/spring-beans-6.0.11.jar:/Users/mac/.m2/repository/io/micrometer/micrometer-observation/1.11.3/micrometer-observation-1.11.3.jar:/Users/mac/.m2/repository/io/micrometer/micrometer-commons/1.11.3/micrometer-commons-1.11.3.jar:/Users/mac/.m2/repository/org/springframework/spring-webmvc/6.0.11/spring-webmvc-6.0.11.jar:/Users/mac/.m2/repository/org/springframework/spring-aop/6.0.11/spring-aop-6.0.11.jar:/Users/mac/.m2/repository/org/springframework/spring-context/6.0.11/spring-context-6.0.11.jar:/Users/mac/.m2/repository/org/springframework/spring-expression/6.0.11/spring-expression-6.0.11.jar:/Users/mac/.m2/repository/org/springframework/boot/spring-boot-starter-validation/3.1.3/spring-boot-starter-validation-3.1.3.jar:/Users/mac/.m2/repository/org/apache/tomcat/embed/tomcat-embed-el/10.1.12/tomcat-embed-el-10.1.12.jar:/Users/mac/.m2/repository/org/hibernate/validator/hibernate-validator/8.0.1.Final/hibernate-validator-8.0.1.Final.jar:/Users/mac/.m2/repository/jakarta/validation/jakarta.validation-api/3.0.2/jakarta.validation-api-3.0.2.jar:/Users/mac/.m2/repository/org/jboss/logging/jboss-logging/3.5.3.Final/jboss-logging-3.5.3.Final.jar:/Users/mac/.m2/repository/com/fasterxml/classmate/1.5.1/classmate-1.5.1.jar:/Users/mac/.m2/repository/org/modelmapper/modelmapper/3.1.1/modelmapper-3.1.1.jar:/Users/mac/.m2/repository/org/springframework/boot/spring-boot-starter-data-jpa/3.1.3/spring-boot-starter-data-jpa-3.1.3.jar:/Users/mac/.m2/repository/org/springframework/boot/spring-boot-starter-aop/3.1.3/spring-boot-starter-aop-3.1.3.jar:/Users/mac/.m2/repository/org/aspectj/aspectjweaver/1.9.20/aspectjweaver-1.9.20.jar:/Users/mac/.m2/repository/org/springframework/boot/spring-boot-starter-jdbc/3.1.3/spring-boot-starter-jdbc-3.1.3.jar:/Users/mac/.m2/repository/com/zaxxer/HikariCP/5.0.1/HikariCP-5.0.1.jar:/Users/mac/.m2/repository/org/springframework/spring-jdbc/6.0.11/spring-jdbc-6.0.11.jar:/Users/mac/.m2/repository/org/hibernate/orm/hibernate-core/6.2.7.Final/hibernate-core-6.2.7.Final.jar:/Users/mac/.m2/repository/jakarta/persistence/jakarta.persistence-api/3.1.0/jakarta.persistence-api-3.1.0.jar:/Users/mac/.m2/repository/jakarta/transaction/jakarta.transaction-api/2.0.1/jakarta.transaction-api-2.0.1.jar:/Users/mac/.m2/repository/org/hibernate/common/hibernate-commons-annotations/6.0.6.Final/hibernate-commons-annotations-6.0.6.Final.jar:/Users/mac/.m2/repository/io/smallrye/jandex/3.0.5/jandex-3.0.5.jar:/Users/mac/.m2/repository/net/bytebuddy/byte-buddy/1.14.6/byte-buddy-1.14.6.jar:/Users/mac/.m2/repository/org/glassfish/jaxb/jaxb-runtime/4.0.3/jaxb-runtime-4.0.3.jar:/Users/mac/.m2/repository/org/glassfish/jaxb/jaxb-core/4.0.3/jaxb-core-4.0.3.jar:/Users/mac/.m2/repository/org/eclipse/angus/angus-activation/2.0.1/angus-activation-2.0.1.jar:/Users/mac/.m2/repository/org/glassfish/jaxb/txw2/4.0.3/txw2-4.0.3.jar:/Users/mac/.m2/repository/com/sun/istack/istack-commons-runtime/4.1.2/istack-commons-runtime-4.1.2.jar:/Users/mac/.m2/repository/jakarta/inject/jakarta.inject-api/2.0.1/jakarta.inject-api-2.0.1.jar:/Users/mac/.m2/repository/org/antlr/antlr4-runtime/4.10.1/antlr4-runtime-4.10.1.jar:/Users/mac/.m2/repository/org/springframework/data/spring-data-jpa/3.1.3/spring-data-jpa-3.1.3.jar:/Users/mac/.m2/repository/org/springframework/data/spring-data-commons/3.1.3/spring-data-commons-3.1.3.jar:/Users/mac/.m2/repository/org/springframework/spring-orm/6.0.11/spring-orm-6.0.11.jar:/Users/mac/.m2/repository/org/springframework/spring-tx/6.0.11/spring-tx-6.0.11.jar:/Users/mac/.m2/repository/org/slf4j/slf4j-api/2.0.7/slf4j-api-2.0.7.jar:/Users/mac/.m2/repository/org/springframework/spring-aspects/6.0.11/spring-aspects-6.0.11.jar:/Users/mac/.m2/repository/com/h2database/h2/2.1.214/h2-2.1.214.jar:/Users/mac/.m2/repository/org/postgresql/postgresql/42.6.0/postgresql-42.6.0.jar:/Users/mac/.m2/repository/org/checkerframework/checker-qual/3.31.0/checker-qual-3.31.0.jar:/Users/mac/.m2/repository/org/projectlombok/lombok/1.18.28/lombok-1.18.28.jar:/Users/mac/.m2/repository/org/springframework/boot/spring-boot-starter-test/3.1.3/spring-boot-starter-test-3.1.3.jar:/Users/mac/.m2/repository/org/springframework/boot/spring-boot-test/3.1.3/spring-boot-test-3.1.3.jar:/Users/mac/.m2/repository/org/springframework/boot/spring-boot-test-autoconfigure/3.1.3/spring-boot-test-autoconfigure-3.1.3.jar:/Users/mac/.m2/repository/com/jayway/jsonpath/json-path/2.8.0/json-path-2.8.0.jar:/Users/mac/.m2/repository/jakarta/xml/bind/jakarta.xml.bind-api/4.0.0/jakarta.xml.bind-api-4.0.0.jar:/Users/mac/.m2/repository/jakarta/activation/jakarta.activation-api/2.1.2/jakarta.activation-api-2.1.2.jar:/Users/mac/.m2/repository/net/minidev/json-smart/2.4.11/json-smart-2.4.11.jar:/Users/mac/.m2/repository/net/minidev/accessors-smart/2.4.11/accessors-smart-2.4.11.jar:/Users/mac/.m2/repository/org/ow2/asm/asm/9.3/asm-9.3.jar:/Users/mac/.m2/repository/org/assertj/assertj-core/3.24.2/assertj-core-3.24.2.jar:/Users/mac/.m2/repository/org/hamcrest/hamcrest/2.2/hamcrest-2.2.jar:/Users/mac/.m2/repository/org/junit/jupiter/junit-jupiter/5.9.3/junit-jupiter-5.9.3.jar:/Users/mac/.m2/repository/org/junit/jupiter/junit-jupiter-api/5.9.3/junit-jupiter-api-5.9.3.jar:/Users/mac/.m2/repository/org/opentest4j/opentest4j/1.2.0/opentest4j-1.2.0.jar:/Users/mac/.m2/repository/org/junit/platform/junit-platform-commons/1.9.3/junit-platform-commons-1.9.3.jar:/Users/mac/.m2/repository/org/apiguardian/apiguardian-api/1.1.2/apiguardian-api-1.1.2.jar:/Users/mac/.m2/repository/org/junit/jupiter/junit-jupiter-params/5.9.3/junit-jupiter-params-5.9.3.jar:/Users/mac/.m2/repository/org/junit/jupiter/junit-jupiter-engine/5.9.3/junit-jupiter-engine-5.9.3.jar:/Users/mac/.m2/repository/org/junit/platform/junit-platform-engine/1.9.3/junit-platform-engine-1.9.3.jar:/Users/mac/.m2/repository/org/mockito/mockito-core/5.3.1/mockito-core-5.3.1.jar:/Users/mac/.m2/repository/net/bytebuddy/byte-buddy-agent/1.14.6/byte-buddy-agent-1.14.6.jar:/Users/mac/.m2/repository/org/objenesis/objenesis/3.3/objenesis-3.3.jar:/Users/mac/.m2/repository/org/mockito/mockito-junit-jupiter/5.3.1/mockito-junit-jupiter-5.3.1.jar:/Users/mac/.m2/repository/org/skyscreamer/jsonassert/1.5.1/jsonassert-1.5.1.jar:/Users/mac/.m2/repository/com/vaadin/external/google/android-json/0.0.20131108.vaadin1/android-json-0.0.20131108.vaadin1.jar:/Users/mac/.m2/repository/org/springframework/spring-core/6.0.11/spring-core-6.0.11.jar:/Users/mac/.m2/repository/org/springframework/spring-jcl/6.0.11/spring-jcl-6.0.11.jar:/Users/mac/.m2/repository/org/springframework/spring-test/6.0.11/spring-test-6.0.11.jar:/Users/mac/.m2/repository/org/xmlunit/xmlunit-core/2.9.1/xmlunit-core-2.9.1.jar:/Users/mac/.m2/repository/org/springdoc/springdoc-openapi-starter-webmvc-ui/2.0.3/springdoc-openapi-starter-webmvc-ui-2.0.3.jar:/Users/mac/.m2/repository/org/springdoc/springdoc-openapi-starter-webmvc-api/2.0.3/springdoc-openapi-starter-webmvc-api-2.0.3.jar:/Users/mac/.m2/repository/org/springdoc/springdoc-openapi-starter-common/2.0.3/springdoc-openapi-starter-common-2.0.3.jar:/Users/mac/.m2/repository/io/swagger/core/v3/swagger-core-jakarta/2.2.8/swagger-core-jakarta-2.2.8.jar:/Users/mac/.m2/repository/org/apache/commons/commons-lang3/3.12.0/commons-lang3-3.12.0.jar:/Users/mac/.m2/repository/io/swagger/core/v3/swagger-annotations-jakarta/2.2.8/swagger-annotations-jakarta-2.2.8.jar:/Users/mac/.m2/repository/io/swagger/core/v3/swagger-models-jakarta/2.2.8/swagger-models-jakarta-2.2.8.jar:/Users/mac/.m2/repository/com/fasterxml/jackson/dataformat/jackson-dataformat-yaml/2.15.2/jackson-dataformat-yaml-2.15.2.jar:/Users/mac/.m2/repository/org/webjars/swagger-ui/4.17.1/swagger-ui-4.17.1.jar:/Users/mac/.m2/repository/org/webjars/webjars-locator-core/0.52/webjars-locator-core-0.52.jar:/Users/mac/.m2/repository/io/github/classgraph/classgraph/4.8.149/classgraph-4.8.149.jar:"/>
    <property name="sun.cpu.endian" value="little"/>
    <property name="user.home" value="/Users/mac"/>
    <property name="user.language" value="en"/>
    <property name="java.specification.vendor" value="Oracle Corporation"/>
    <property name="java.version.date" value="2022-04-19"/>
    <property name="java.home" value="/opt/homebrew/Cellar/openjdk/18.0.1/libexec/openjdk.jdk/Contents/Home"/>
    <property name="file.separator" value="/"/>
    <property name="basedir" value="/Users/mac/Desktop/workspace/payoneer/ICE Music"/>
    <property name="java.vm.compressedOopsMode" value="Zero based"/>
    <property name="line.separator" value="&#10;"/>
    <property name="java.vm.specification.vendor" value="Oracle Corporation"/>
    <property name="java.specification.name" value="Java Platform API Specification"/>
    <property name="FILE_LOG_CHARSET" value="UTF-8"/>
    <property name="java.awt.headless" value="true"/>
    <property name="apple.awt.application.name" value="ForkedBooter"/>
    <property name="surefire.real.class.path" value="/Users/mac/Desktop/workspace/payoneer/ICE Music/target/surefire/surefirebooter-20230904011226420_3.jar"/>
    <property name="sun.management.compiler" value="HotSpot 64-Bit Tiered Compilers"/>
    <property name="ftp.nonProxyHosts" value="local|*.local|169.254/16|*.169.254/16"/>
    <property name="java.runtime.version" value="18.0.1+0"/>
    <property name="user.name" value="mac"/>
    <property name="path.separator" value=":"/>
    <property name="os.version" value="13.2.1"/>
    <property name="java.runtime.name" value="OpenJDK Runtime Environment"/>
    <property name="file.encoding" value="UTF-8"/>
    <property name="java.vm.name" value="OpenJDK 64-Bit Server VM"/>
    <property name="java.vendor.version" value="Homebrew"/>
    <property name="localRepository" value="/Users/mac/.m2/repository"/>
    <property name="java.vendor.url.bug" value="https://github.com/Homebrew/homebrew-core/issues"/>
    <property name="java.io.tmpdir" value="/var/folders/pj/pnn15rbs0fng1_kd_cfq6n4w0000gn/T/"/>
    <property name="com.zaxxer.hikari.pool_number" value="1"/>
    <property name="java.version" value="18.0.1"/>
    <property name="user.dir" value="/Users/mac/Desktop/workspace/payoneer/ICE Music"/>
    <property name="os.arch" value="aarch64"/>
    <property name="java.vm.specification.name" value="Java Virtual Machine Specification"/>
    <property name="PID" value="16682"/>
    <property name="CONSOLE_LOG_CHARSET" value="UTF-8"/>
    <property name="native.encoding" value="UTF-8"/>
    <property name="java.library.path" value="/Users/mac/Library/Java/Extensions:/Library/Java/Extensions:/Network/Library/Java/Extensions:/System/Library/Java/Extensions:/usr/lib/java:."/>
    <property name="java.vm.info" value="mixed mode, sharing"/>
    <property name="java.vendor" value="Homebrew"/>
    <property name="java.vm.version" value="18.0.1+0"/>
    <property name="sun.io.unicode.encoding" value="UnicodeBig"/>
    <property name="socksNonProxyHosts" value="local|*.local|169.254/16|*.169.254/16"/>
    <property name="java.class.version" value="62.0"/>
  </properties>
  <testcase name="contextLoads" classname="com.ice.icemusic.IceMusicApplicationTests" time="0.289">
    <system-out><![CDATA[01:12:26.817 [main] INFO org.springframework.test.context.support.AnnotationConfigContextLoaderUtils -- Could not detect default configuration classes for test class [com.ice.icemusic.IceMusicApplicationTests]: IceMusicApplicationTests does not declare any static, non-private, non-final, nested classes annotated with @Configuration.
01:12:26.862 [main] INFO org.springframework.boot.test.context.SpringBootTestContextBootstrapper -- Found @SpringBootConfiguration com.ice.icemusic.IceMusicApplication for test class com.ice.icemusic.IceMusicApplicationTests

  .   ____          _            __ _ _
 /\\ / ___'_ __ _ _(_)_ __  __ _ \ \ \ \
( ( )\___ | '_ | '_| | '_ \/ _` | \ \ \ \
 \\/  ___)| |_)| | | | | || (_| |  ) ) ) )
  '  |____| .__|_| |_|_| |_\__, | / / / /
 =========|_|==============|___/=/_/_/_/
 :: Spring Boot ::                (v3.1.3)

2023-09-04T01:12:27.048+01:00  INFO 16682 --- [           main] c.ice.icemusic.IceMusicApplicationTests  : Starting IceMusicApplicationTests using Java 18.0.1 with PID 16682 (started by mac in /Users/mac/Desktop/workspace/payoneer/ICE Music)
2023-09-04T01:12:27.049+01:00  INFO 16682 --- [           main] c.ice.icemusic.IceMusicApplicationTests  : The following 1 profile is active: "default"
2023-09-04T01:12:27.362+01:00  INFO 16682 --- [           main] .s.d.r.c.RepositoryConfigurationDelegate : Bootstrapping Spring Data JPA repositories in DEFAULT mode.
2023-09-04T01:12:27.388+01:00  INFO 16682 --- [           main] .s.d.r.c.RepositoryConfigurationDelegate : Finished Spring Data repository scanning in 23 ms. Found 4 JPA repository interfaces.
2023-09-04T01:12:27.581+01:00  INFO 16682 --- [           main] com.zaxxer.hikari.HikariDataSource       : HikariPool-1 - Starting...
2023-09-04T01:12:27.681+01:00  INFO 16682 --- [           main] com.zaxxer.hikari.pool.HikariPool        : HikariPool-1 - Added connection conn0: url=jdbc:h2:mem:testdb user=TEST
2023-09-04T01:12:27.682+01:00  INFO 16682 --- [           main] com.zaxxer.hikari.HikariDataSource       : HikariPool-1 - Start completed.
2023-09-04T01:12:27.707+01:00  INFO 16682 --- [           main] o.hibernate.jpa.internal.util.LogHelper  : HHH000204: Processing PersistenceUnitInfo [name: default]
2023-09-04T01:12:27.739+01:00  INFO 16682 --- [           main] org.hibernate.Version                    : HHH000412: Hibernate ORM core version 6.2.7.Final
2023-09-04T01:12:27.741+01:00  INFO 16682 --- [           main] org.hibernate.cfg.Environment            : HHH000406: Using bytecode reflection optimizer
2023-09-04T01:12:27.799+01:00  INFO 16682 --- [           main] o.h.b.i.BytecodeProviderInitiator        : HHH000021: Bytecode provider name : bytebuddy
2023-09-04T01:12:27.851+01:00  INFO 16682 --- [           main] o.s.o.j.p.SpringPersistenceUnitInfo      : No LoadTimeWeaver setup: ignoring JPA class transformer
2023-09-04T01:12:27.963+01:00  INFO 16682 --- [           main] o.h.b.i.BytecodeProviderInitiator        : HHH000021: Bytecode provider name : bytebuddy
2023-09-04T01:12:28.248+01:00  INFO 16682 --- [           main] o.h.e.t.j.p.i.JtaPlatformInitiator       : HHH000490: Using JtaPlatform implementation: [org.hibernate.engine.transaction.jta.platform.internal.NoJtaPlatform]
Hibernate: drop table if exists aliases cascade 
Hibernate: drop table if exists artists cascade 
Hibernate: drop table if exists counter cascade 
Hibernate: drop table if exists tracks cascade 
Hibernate: create table aliases (artist_id bigint, id bigint generated by default as identity, alias varchar(255) unique, primary key (id), constraint UK50ghxrilr0vq4hdvt8erpo0x6 unique (alias, artist_id))
Hibernate: create table artists (artist_of_the_day boolean, id bigint generated by default as identity, primary key (id))
Hibernate: create table counter (id integer generated by default as identity, count bigint, previous_artist_id bigint, primary key (id))
Hibernate: create table tracks (length integer, artist_id bigint, id bigint generated by default as identity, genre varchar(255), track_title varchar(255), primary key (id), constraint UK957ql5eo8wgs05h36x19tsl57 unique (artist_id, track_title))
2023-09-04T01:12:28.265+01:00  INFO 16682 --- [           main] j.LocalContainerEntityManagerFactoryBean : Initialized JPA EntityManagerFactory for persistence unit 'default'
2023-09-04T01:12:28.373+01:00  INFO 16682 --- [           main] o.s.d.j.r.query.QueryEnhancerFactory     : Hibernate is in classpath; If applicable, HQL parser will be used.
2023-09-04T01:12:28.546+01:00  WARN 16682 --- [           main] JpaBaseConfiguration$JpaWebConfiguration : spring.jpa.open-in-view is enabled by default. Therefore, database queries may be performed during view rendering. Explicitly configure spring.jpa.open-in-view to disable this warning
2023-09-04T01:12:29.065+01:00  INFO 16682 --- [           main] o.s.b.a.h2.H2ConsoleAutoConfiguration    : H2 console available at '/h2'. Database available at 'jdbc:h2:mem:testdb'
2023-09-04T01:12:29.092+01:00  INFO 16682 --- [           main] c.ice.icemusic.IceMusicApplicationTests  : Started IceMusicApplicationTests in 2.169 seconds (process running for 2.632)
]]></system-out>
  </testcase>
</testsuite>